<?xml version="1.0" encoding="UTF-8"?>
<!-- Generated by org.testng.reporters.JUnitReportReporter -->
<testsuite hostname="LAPTOP-OH5ER23C" failures="0" tests="1" name="testcase.MobileBrowserTest" time="7.023" errors="0" timestamp="2023-04-27T21:21:39 ICT" skipped="0">
  <testcase classname="testcase.MobileBrowserTest" name="mobileBrowserTest" time="7.023"/>
  <system-out/>
</testsuite> <!-- testcase.MobileBrowserTest -->
