<?xml version="1.0" encoding="UTF-8"?>
<!-- Generated by org.testng.reporters.JUnitReportReporter -->
<testsuite hostname="LAPTOP-OH5ER23C" failures="0" tests="1" name="testcase.TestCase_002" time="6.521" errors="0" timestamp="2023-04-26T17:49:54 ICT" skipped="0">
  <testcase classname="testcase.TestCase_002" name="fillform" time="6.521"/>
  <system-out/>
</testsuite> <!-- testcase.TestCase_002 -->
