<?xml version="1.0" encoding="UTF-8"?>
<!-- Generated by org.testng.reporters.JUnitReportReporter -->
<testsuite hostname="LAPTOP-OH5ER23C" failures="0" tests="1" name="basic.SwipeGesture" time="5.694" errors="0" timestamp="2023-04-25T20:53:15 ICT" skipped="0">
  <testcase classname="basic.SwipeGesture" name="longPressGesture" time="5.694"/>
  <system-out/>
</testsuite> <!-- basic.SwipeGesture -->
