<?xml version="1.0" encoding="UTF-8"?>
<!-- Generated by org.testng.reporters.JUnitReportReporter -->
<testsuite hostname="LAPTOP-OH5ER23C" failures="0" tests="1" name="basic.AppiumBasic" time="5.523" errors="0" timestamp="2023-04-22T01:23:50 ICT" skipped="0">
  <testcase classname="basic.AppiumBasic" name="wifiSettingsName" time="5.523"/>
  <system-out/>
</testsuite> <!-- basic.AppiumBasic -->
