<?xml version="1.0" encoding="UTF-8"?>
<!-- Generated by org.testng.reporters.JUnitReportReporter -->
<testsuite hostname="LAPTOP-OH5ER23C" failures="0" tests="1" name="testcase.TestCase_004" time="59.471" errors="0" timestamp="2023-04-26T23:48:26 ICT" skipped="0">
  <testcase classname="testcase.TestCase_004" name="fillform" time="59.471"/>
  <system-out/>
</testsuite> <!-- testcase.TestCase_004 -->
