<?xml version="1.0" encoding="UTF-8"?>
<!-- Generated by org.testng.reporters.JUnitReportReporter -->
<testsuite hostname="LAPTOP-OH5ER23C" failures="0" tests="1" name="basic.LongPressGesture" time="6.389" errors="0" timestamp="2023-04-25T17:37:18 ICT" skipped="0">
  <testcase classname="basic.LongPressGesture" name="longPressGesture" time="6.389"/>
  <system-out/>
</testsuite> <!-- basic.LongPressGesture -->
