<?xml version="1.0" encoding="UTF-8"?>
<!-- Generated by org.testng.reporters.JUnitReportReporter -->
<testsuite hostname="LAPTOP-OH5ER23C" failures="0" tests="1" name="basic.MiscellaneousBasic" time="8.168" errors="0" timestamp="2023-04-25T23:04:46 ICT" skipped="0">
  <testcase classname="basic.MiscellaneousBasic" name="miscellaneousBasic" time="8.168"/>
  <system-out/>
</testsuite> <!-- basic.MiscellaneousBasic -->
