<?xml version="1.0" encoding="UTF-8"?>
<!-- Generated by org.testng.reporters.JUnitReportReporter -->
<testsuite hostname="LAPTOP-OH5ER23C" failures="0" tests="1" name="basic.DragAndDropGesture" time="6.285" errors="0" timestamp="2023-04-25T21:22:50 ICT" skipped="0">
  <testcase classname="basic.DragAndDropGesture" name="longPressGesture" time="6.285"/>
  <system-out/>
</testsuite> <!-- basic.DragAndDropGesture -->
