<?xml version="1.0" encoding="UTF-8"?>
<!-- Generated by org.testng.reporters.JUnitReportReporter -->
<testsuite hostname="LAPTOP-OH5ER23C" failures="0" tests="1" name="basic.ScrollGesture" time="23.542" errors="0" timestamp="2023-04-25T20:31:47 ICT" skipped="0">
  <testcase classname="basic.ScrollGesture" name="scrollGesture" time="23.542"/>
  <system-out/>
</testsuite> <!-- basic.ScrollGesture -->
