<?xml version="1.0" encoding="UTF-8"?>
<!-- Generated by org.testng.reporters.JUnitReportReporter -->
<testsuite hostname="LAPTOP-OH5ER23C" failures="0" tests="1" name="basic.Assignment1" time="31.379" errors="0" timestamp="2023-04-25T22:02:37 ICT" skipped="0">
  <testcase classname="basic.Assignment1" name="assignment1" time="31.379"/>
  <system-out/>
</testsuite> <!-- basic.Assignment1 -->
