<?xml version="1.0" encoding="UTF-8"?>
<!-- Generated by org.testng.reporters.JUnitReportReporter -->
<testsuite hostname="LAPTOP-OH5ER23C" failures="0" tests="1" name="testcase.TestCase_001" time="49.057" errors="0" timestamp="2023-04-26T22:18:48 ICT" skipped="0">
  <testcase classname="testcase.TestCase_001" name="fillform" time="49.057"/>
  <system-out/>
</testsuite> <!-- testcase.TestCase_001 -->
